Performing C SOURCE FILE Test CMAKE_HAVE_LIBC_PTHREAD failed with the following output:
Change Dir: /home/maciel/Documentos/Comp_grafica/abcg/build/CMakeFiles/CMakeTmp

Run Build Command(s):/usr/bin/gmake -f Makefile cmTC_efd27/fast && /usr/bin/gmake  -f CMakeFiles/cmTC_efd27.dir/build.make CMakeFiles/cmTC_efd27.dir/build
gmake[1]: Entrando no diretório '/home/maciel/Documentos/Comp_grafica/abcg/build/CMakeFiles/CMakeTmp'

Building C object CMakeFiles/cmTC_efd27.dir/src.c.o
/bin/x86_64-linux-gnu-gcc-10 -DCMAKE_HAVE_LIBC_PTHREAD   -o CMakeFiles/cmTC_efd27.dir/src.c.o -c /home/maciel/Documentos/Comp_grafica/abcg/build/CMakeFiles/CMakeTmp/src.c
Linking C executable cmTC_efd27
/usr/bin/cmake -E cmake_link_script CMakeFiles/cmTC_efd27.dir/link.txt --verbose=1
/bin/x86_64-linux-gnu-gcc-10 CMakeFiles/cmTC_efd27.dir/src.c.o -o cmTC_efd27 
/usr/bin/ld: CMakeFiles/cmTC_efd27.dir/src.c.o: na função "main":
src.c:(.text+0x2f): referência não definida para "pthread_create"
/usr/bin/ld: src.c:(.text+0x3b): referência não definida para "pthread_detach"
/usr/bin/ld: src.c:(.text+0x47): referência não definida para "pthread_cancel"
/usr/bin/ld: src.c:(.text+0x58): referência não definida para "pthread_join"
collect2: error: ld returned 1 exit status
gmake[1]: *** [CMakeFiles/cmTC_efd27.dir/build.make:99: cmTC_efd27] Erro 1
gmake[1]: Saindo do diretório '/home/maciel/Documentos/Comp_grafica/abcg/build/CMakeFiles/CMakeTmp'

gmake: *** [Makefile:127: cmTC_efd27/fast] Erro 2


Source file was:
#include <pthread.h>

static void* test_func(void* data)
{
  return data;
}

int main(void)
{
  pthread_t thread;
  pthread_create(&thread, NULL, test_func, NULL);
  pthread_detach(thread);
  pthread_cancel(thread);
  pthread_join(thread, NULL);
  pthread_atfork(NULL, NULL, NULL);
  pthread_exit(NULL);

  return 0;
}

Determining if the function pthread_create exists in the pthreads failed with the following output:
Change Dir: /home/maciel/Documentos/Comp_grafica/abcg/build/CMakeFiles/CMakeTmp

Run Build Command(s):/usr/bin/gmake -f Makefile cmTC_f8c8e/fast && /usr/bin/gmake  -f CMakeFiles/cmTC_f8c8e.dir/build.make CMakeFiles/cmTC_f8c8e.dir/build
gmake[1]: Entrando no diretório '/home/maciel/Documentos/Comp_grafica/abcg/build/CMakeFiles/CMakeTmp'

Building C object CMakeFiles/cmTC_f8c8e.dir/CheckFunctionExists.c.o
/bin/x86_64-linux-gnu-gcc-10   -DCHECK_FUNCTION_EXISTS=pthread_create -o CMakeFiles/cmTC_f8c8e.dir/CheckFunctionExists.c.o -c /usr/share/cmake-3.21/Modules/CheckFunctionExists.c
Linking C executable cmTC_f8c8e
/usr/bin/cmake -E cmake_link_script CMakeFiles/cmTC_f8c8e.dir/link.txt --verbose=1
/bin/x86_64-linux-gnu-gcc-10  -DCHECK_FUNCTION_EXISTS=pthread_create CMakeFiles/cmTC_f8c8e.dir/CheckFunctionExists.c.o -o cmTC_f8c8e  -lpthreads 
/usr/bin/ld: não foi possível localizar -lpthreads
collect2: error: ld returned 1 exit status
gmake[1]: *** [CMakeFiles/cmTC_f8c8e.dir/build.make:99: cmTC_f8c8e] Erro 1
gmake[1]: Saindo do diretório '/home/maciel/Documentos/Comp_grafica/abcg/build/CMakeFiles/CMakeTmp'

gmake: *** [Makefile:127: cmTC_f8c8e/fast] Erro 2



